<?xml version="1.0" encoding="UTF-8"?>
<Site BuildName="(empty)"
	BuildStamp="20260420-0614-Experimental"
	Name="8f722f623838"
	Generator="ctest-3.16.3"
	CompilerName="/usr/bin/g++-8"
	CompilerVersion="8.4.0"
	OSName="Linux"
	Hostname="8f722f623838"
	OSRelease="6.8.0-49-generic"
	OSVersion="#49~22.04.1-Ubuntu SMP PREEMPT_DYNAMIC Wed Nov  6 17:42:15 UTC 2"
	OSPlatform="x86_64"
	Is64Bits="1"
	VendorString="GenuineIntel"
	VendorID="Intel Corporation"
	FamilyID="6"
	ModelID="85"
	ProcessorCacheSize="14080"
	NumberOfLogicalCPU="20"
	NumberOfPhysicalCPU="10"
	TotalVirtualMemory="2047"
	TotalPhysicalMemory="15687"
	LogicalProcessorsPerPhysical="2"
	ProcessorClockFrequency="1000"
	>
	<Testing>
		<StartDateTime>Apr 20 06:14 UTC</StartDateTime>
		<StartTestTime>1776665686</StartTestTime>
		<TestList/>
		<EndDateTime>Apr 20 06:14 UTC</EndDateTime>
		<EndTestTime>1776665686</EndTestTime>
		<ElapsedMinutes>0</ElapsedMinutes>
	</Testing>
</Site>
